📱 Connecting to Telegram...
   API ID: 32075863
   Phone: +8801335626283
   Bot Endpoint: http://localhost:8080/signal
✅ Connected to Telegram
✅ Listening to channel: Solana Early Trending 💵
🎧 Listening for messages... (Ctrl+C to stop)
==================================================

📨 [335160]: 🏆 Top Early Trending 💸

🥇 ‎Blindfold Finance | $‎BLIND • ‎40X [TG]

🥈 ‎The Bonk Guy | $‎UNIPCS • ‎15...
✅ Sent: 🏆 Top Early Trending 💸  🥇 ‎Blindfold Finance | $‎BLIND • ‎40X [TG]  🥈 ‎The Bonk ...
🔗 Found CA: MvpN2EPaWk2x4Q9KwgRCM3DoepFyqWBPNgkL2kUpump

📨 [335161]: 🔥 ‎Fear in Eyes New Trending
🕒 Age: 24m | Security: 🚨
🔗 X•CHART

💰 MC: $160,579 • 🔝 $431K
💧 Liq: $38...
✅ Sent: 🔥 ‎Fear in Eyes New Trending 🕒 Age: 24m | Security: 🚨 🔗 X•CHART  💰 MC: $160,579 ...
🔗 Found CA: FU1XGpP3UU5by4iDZx19YgM2X87ZWJe8RnZebc9Ypump

📨 [335162]: 📈 ‎KORA is up 51% 📈
from ⚡️ Entry Signal

$81.9K —> $124K 💵

💸💸
[EXTRACTED_URLS]:
https://www.geckot...
✅ Sent: 📈 ‎KORA is up 51% 📈 from ⚡️ Entry Signal  $81.9K —> $124K 💵  💸💸 [EXTRACTED_URLS]...
🔗 Found CA: 3cUZ8PgeGjtsdqmG3ohcvN3kPbV8MfphrXVH73CLpump

📨 [335163]: 🔥 ‎Bub New Trending
🕒 Age: 2m | Security: 🚨
🔗 X•WEB•CHART

💰 MC: $73,530 • 🔝 $82.2K
💧 Liq: $25.3K
📈 ...
✅ Sent: 🔥 ‎Bub New Trending 🕒 Age: 2m | Security: 🚨 🔗 X•WEB•CHART  💰 MC: $73,530 • 🔝 $82...
🔗 Found CA: 3cUZ8PgeGjtsdqmG3ohcvN3kPbV8MfphrXVH73CLpump

📨 [335164]: 📈 ‎BUB is up 50% 📈
from ⚡️ Entry Signal

$73.5K —> $111K 💵

💸💸
[EXTRACTED_URLS]:
https://www.geckote...
✅ Sent: 📈 ‎BUB is up 50% 📈 from ⚡️ Entry Signal  $73.5K —> $111K 💵  💸💸 [EXTRACTED_URLS]:...
🔗 Found CA: 3cUZ8PgeGjtsdqmG3ohcvN3kPbV8MfphrXVH73CLpump

📨 [335165]: 📈 ‎BUB is up 2X 📈
from ⚡️ Entry Signal

$73.5K —> $149K 💵

💸💸💸💸
[EXTRACTED_URLS]:
https://www.geckot...
✅ Sent: 📈 ‎BUB is up 2X 📈 from ⚡️ Entry Signal  $73.5K —> $149K 💵  💸💸💸💸 [EXTRACTED_URLS]...

📨 [335166]: 🏆 Top Early Trending 💸

🥇 ‎Blindfold Finance | $‎BLIND • ‎40X [TG]

🥈 ‎The Bonk Guy | $‎UNIPCS • ‎15...
✅ Sent: 🏆 Top Early Trending 💸  🥇 ‎Blindfold Finance | $‎BLIND • ‎40X [TG]  🥈 ‎The Bonk ...
🔗 Found CA: 3cUZ8PgeGjtsdqmG3ohcvN3kPbV8MfphrXVH73CLpump

📨 [335167]: 📈 ‎BUB is up 3.1X 📈
from ⚡️ Entry Signal

$73.5K —> $226K 💵

💸💸💸💸💸💸
[EXTRACTED_URLS]:
https://www.ge...
✅ Sent: 📈 ‎BUB is up 3.1X 📈 from ⚡️ Entry Signal  $73.5K —> $226K 💵  💸💸💸💸💸💸 [EXTRACTED_U...
🔗 Found CA: GyQ4979x6uAQLiZqi7GATWaGqwnXGa8aXCc2gtr9pump

📨 [335168]: 🔥 ‎Fuck Trump Coin New Trending
🕒 Age: 3m | Security: 🚨
🔗 X•WEB•CHART

💰 MC: $60,075 • 🔝 $69.2K
💧 Li...
✅ Sent: 🔥 ‎Fuck Trump Coin New Trending 🕒 Age: 3m | Security: 🚨 🔗 X•WEB•CHART  💰 MC: $60...
🔗 Found CA: BygEmPQYU1d6KPZTZu2YZ6FarEhuXqAyXpBjDYPtpump

📨 [335169]: 📈 ‎PURAVIDA is up 3.1X 📈
from ⚡️ Entry Signal

$29.1K —> $89.2K 💵

💸💸💸💸💸💸
[EXTRACTED_URLS]:
https://...
✅ Sent: 📈 ‎PURAVIDA is up 3.1X 📈 from ⚡️ Entry Signal  $29.1K —> $89.2K 💵  💸💸💸💸💸💸 [EXTRA...
🔗 Found CA: Apfi3UpBUbunhfSBhgvE7gQzRo8eg5YfWECwcqFJpimp

📨 [335170]: 🔥 ‎Pimpball New Trending
🕒 Age: 1m | Security: 🚨
🔗 X•WEB•CHART

💰 MC: $78,438 • 🔝 $89.5K
💧 Liq: $26....
✅ Sent: 🔥 ‎Pimpball New Trending 🕒 Age: 1m | Security: 🚨 🔗 X•WEB•CHART  💰 MC: $78,438 • ...
🔗 Found CA: xNQSdE5bSLr6RNUbdJV9sy6bPjDuBCCPxkkgEd4pump

📨 [335171]: 🔥 ‎Tiene más aura el pato New Trending
🕒 Age: 14m | Security: 🚨
🔗 X•CHART

💰 MC: $201,433 • 🔝 $245K
...
✅ Sent: 🔥 ‎Tiene más aura el pato New Trending 🕒 Age: 14m | Security: 🚨 🔗 X•CHART  💰 MC:...
🔗 Found CA: xNQSdE5bSLr6RNUbdJV9sy6bPjDuBCCPxkkgEd4pump

📨 [335172]: 📈 ‎POSE is up 50% 📈
from ⚡️ Entry Signal

$201K —> $304K 💵

💸💸
[EXTRACTED_URLS]:
https://www.geckote...
✅ Sent: 📈 ‎POSE is up 50% 📈 from ⚡️ Entry Signal  $201K —> $304K 💵  💸💸 [EXTRACTED_URLS]:...
🔗 Found CA: Apfi3UpBUbunhfSBhgvE7gQzRo8eg5YfWECwcqFJpimp

📨 [335173]: 📈 ‎PIMPBALL is up 50% 📈
from ⚡️ Entry Signal

$78.4K —> $118K 💵

💸💸
[EXTRACTED_URLS]:
https://www.ge...
✅ Sent: 📈 ‎PIMPBALL is up 50% 📈 from ⚡️ Entry Signal  $78.4K —> $118K 💵  💸💸 [EXTRACTED_U...
🔗 Found CA: 3cUZ8PgeGjtsdqmG3ohcvN3kPbV8MfphrXVH73CLpump

📨 [335174]: 📈 ‎BUB is up 5.1X 📈
from ⚡️ Entry Signal

$73.5K —> $374K 💵

💸💸💸💸💸💸💸💸💸💸
[EXTRACTED_URLS]:
https://ww...
✅ Sent: 📈 ‎BUB is up 5.1X 📈 from ⚡️ Entry Signal  $73.5K —> $374K 💵  💸💸💸💸💸💸💸💸💸💸 [EXTRACT...

📨 [335175]: 🏆 Top Early Trending 💸

🥇 ‎Blindfold Finance | $‎BLIND • ‎40X [TG]

🥈 ‎The Bonk Guy | $‎UNIPCS • ‎15...
✅ Sent: 🏆 Top Early Trending 💸  🥇 ‎Blindfold Finance | $‎BLIND • ‎40X [TG]  🥈 ‎The Bonk ...
🔗 Found CA: osfCyWH2cqze7AiVQPPjxkusrebyf48qtwrWLtJXbHh

📨 [335176]: 🔥 ‎coal New Trending
🕒 Age: 9m | Security: ⚠️
🔗 X•CHART

💰 MC: $46,543 • 🔝 $60K
💧 Liq: $22.1K
📈 Vol:...
🔗 Found CA: ARVNc2ufHWGktaKQ6wa1CeAa8dtrVsi2tYDD1EkowXcT

📨 [335177]: 🔥 ‎Monexa Finance New Trending
🕒 Age: 2m | Security: ⚠️
🔗 X•TG•WEB•CHART

💰 MC: $62,735 • 🔝 $71.6K
💧...
✅ Sent: 🔥 ‎Monexa Finance New Trending 🕒 Age: 2m | Security: ⚠️ 🔗 X•TG•WEB•CHART  💰 MC: ...
✅ Sent: 🔥 ‎coal New Trending 🕒 Age: 9m | Security: ⚠️ 🔗 X•CHART  💰 MC: $46,543 • 🔝 $60K ...

📨 [335178]: 💰 24h Premium Stats 💰

⚡️ Entry Signals: 23
📈 +50% Win Rate: 73.9%
💰 Wins Avg Profit: 3.4X

📢 24h Xs...
✅ Sent: 💰 24h Premium Stats 💰  ⚡️ Entry Signals: 23 📈 +50% Win Rate: 73.9% 💰 Wins Avg Pr...
🔗 Found CA: AtW58YpuAq5r26qkSCADQxy8yVXpss9FQuFtiA2Vpump

📨 [335179]: 🔥 ‎Aløn New Trending
🕒 Age: 2m | Security: ⚠️
🔗 X•CHART

💰 MC: $90,857 • 🔝 $110K
💧 Liq: $28.3K
📈 Vol...
✅ Sent: 🔥 ‎Aløn New Trending 🕒 Age: 2m | Security: ⚠️ 🔗 X•CHART  💰 MC: $90,857 • 🔝 $110K...
🔗 Found CA: CftYJVf5mXhuHYjS9YQSK9z6q355RukjPZ6ZCsrw9sRA

📨 [335180]: 📈 ‎GENCIT is up 3X 📈
from ⚡️ Entry Signal

$55.5K —> $167K 💵

💸💸💸💸💸💸
[EXTRACTED_URLS]:
https://www.g...
✅ Sent: 📈 ‎GENCIT is up 3X 📈 from ⚡️ Entry Signal  $55.5K —> $167K 💵  💸💸💸💸💸💸 [EXTRACTED_...
