📱 Connecting to Telegram...
   API ID: 32075863
   Phone: +8801335626283
   Bot Endpoint: http://localhost:8080/signal
✅ Connected to Telegram
✅ Listening to channel: Solana Early Trending 💵
🎧 Listening for messages... (Ctrl+C to stop)
==================================================
🔗 Found CA: AV8ksMsYrYZw4vZZSkrkCR8D7zNKs3hXdD6Fezwpump

📨 [335863]: 📈 ‎𝕏MEDIA is up 2X 📈
from ⚡️ Entry Signal

$132K —> $266K 💵

💸💸💸💸
[EXTRACTED_URLS]:
https://www.geck...
🔗 Found CA: 9Wyqbht53UbMRz4FewFYuP2WnApJPVHbdBkchHQLpump

📨 [335864]: 🔥 ‎wewe New Trending
🕒 Age: 10m | Security: 🚨
🔗 X•CHART

💰 MC: $42,998 • 🔝 $83.5K
💧 Liq: $19.3K
📈 Vo...
✅ Sent: 🔥 ‎wewe New Trending 🕒 Age: 10m | Security: 🚨 🔗 X•CHART  💰 MC: $42,998 • 🔝 $83.5...
✅ Sent: 📈 ‎𝕏MEDIA is up 2X 📈 from ⚡️ Entry Signal  $132K —> $266K 💵  💸💸💸💸 [EXTRACTED_URL...

📨 [335865]: 🏆 Top Early Trending 💸

🥇 ‎Flying Ketamine Horse | $‎FKH • ‎201X [X]

🥈 ‎learing | $‎LEARING • ‎61X ...
🔗 Found CA: 6EkttY8wqU7A52gfaityb8yLiVEZK8NKLcXYhXi5iZBP

📨 [335866]: 🔥 ‎The Whale Killer New Trending
🕒 Age: 10m | Security: ✅
🔗 X•CHART

💰 MC: $31,888 • 🔝 $46.1K
💧 Liq:...
✅ Sent: 🏆 Top Early Trending 💸  🥇 ‎Flying Ketamine Horse | $‎FKH • ‎201X [X]  🥈 ‎learing...
✅ Sent: 🔥 ‎The Whale Killer New Trending 🕒 Age: 10m | Security: ✅ 🔗 X•CHART  💰 MC: $31,8...
🔗 Found CA: WLhpShSExoEYHT1FKGNoFXzYVrrPP5YLxq4oypBpump

📨 [335867]: 🔥 ‎NYE WHALE New Trending
🕒 Age: 9m | Security: 🚨
🔗 X•CHART

💰 MC: $188,161 • 🔝 $362K
💧 Liq: $41.1K
...
✅ Sent: 🔥 ‎NYE WHALE New Trending 🕒 Age: 9m | Security: 🚨 🔗 X•CHART  💰 MC: $188,161 • 🔝 ...
🔗 Found CA: KZctUA3WR2AZotkZBB5mfFKHMGmNMXXJWWGEwYxpump

📨 [335868]: 🔥 ‎Brave And Cares New Trending
🕒 Age: 6m | Security: 🚨
🔗 X•CHART

💰 MC: $170,160 • 🔝 $248K
💧 Liq: $...
✅ Sent: 🔥 ‎Brave And Cares New Trending 🕒 Age: 6m | Security: 🚨 🔗 X•CHART  💰 MC: $170,16...
🔗 Found CA: apy22hGqpsv9vvUdKxeinrAUN236WgV7JNU5rajpump

📨 [335869]: 🔥 ‎Orecraft New Trending
🕒 Age: 1m | Security: 🚨
🔗 X•WEB•CHART

💰 MC: $62,291 • 🔝 $72.6K
💧 Liq: $23....
✅ Sent: 🔥 ‎Orecraft New Trending 🕒 Age: 1m | Security: 🚨 🔗 X•WEB•CHART  💰 MC: $62,291 • ...
🔗 Found CA: KZctUA3WR2AZotkZBB5mfFKHMGmNMXXJWWGEwYxpump

📨 [335870]: 📈 ‎BAC is up 50% 📈
from ⚡️ Entry Signal

$170K —> $255K 💵

💸💸
[EXTRACTED_URLS]:
https://www.geckoter...
🔗 Found CA: 6EkttY8wqU7A52gfaityb8yLiVEZK8NKLcXYhXi5iZBP

📨 [335871]: 📈 ‎MEGALODON is up 52% 📈
from ⚡️ Entry Signal

$31.9K —> $48.7K 💵

💸💸
[EXTRACTED_URLS]:
https://www....
✅ Sent: 📈 ‎MEGALODON is up 52% 📈 from ⚡️ Entry Signal  $31.9K —> $48.7K 💵  💸💸 [EXTRACTED...
✅ Sent: 📈 ‎BAC is up 50% 📈 from ⚡️ Entry Signal  $170K —> $255K 💵  💸💸 [EXTRACTED_URLS]: ...
🔗 Found CA: KZctUA3WR2AZotkZBB5mfFKHMGmNMXXJWWGEwYxpump

📨 [335872]: 📈 ‎BAC is up 2X 📈
from ⚡️ Entry Signal

$170K —> $342K 💵

💸💸💸💸
[EXTRACTED_URLS]:
https://www.geckote...
✅ Sent: 📈 ‎BAC is up 2X 📈 from ⚡️ Entry Signal  $170K —> $342K 💵  💸💸💸💸 [EXTRACTED_URLS]:...
🔗 Found CA: BQwAnjiPGmaZhUDQmAYSz5Zr6jytaqGUMec6EX5qpump

📨 [335873]: 🔥 ‎OGWORKS New Trending
🕒 Age: 7m | Security: ✅
🔗 CHART

💰 MC: $51,780 • 🔝 $56.7K
💧 Liq: $21.3K
📈 Vo...
✅ Sent: 🔥 ‎OGWORKS New Trending 🕒 Age: 7m | Security: ✅ 🔗 CHART  💰 MC: $51,780 • 🔝 $56.7...
🔗 Found CA: B42GGyPQ6nreiisBRFR4wdVeKoh6BzX2MgMj8Wdqpump

📨 [335874]: 🔥 ‎The Detective New Trending
🕒 Age: 2m | Security: ⚠️
🔗 X•CHART

💰 MC: $76,318 • 🔝 $98.1K
💧 Liq: $2...
✅ Sent: 🔥 ‎The Detective New Trending 🕒 Age: 2m | Security: ⚠️ 🔗 X•CHART  💰 MC: $76,318 ...
🔗 Found CA: MDyFSRzg3M3wein5BuHRkmsz6L7H1aBmCzsU3kHpump

📨 [335875]: 🔥 ‎Is she washing face in cow urine New Trending
🕒 Age: 3m | Security: 🚨
🔗 X•CHART

💰 MC: $160,938 •...
✅ Sent: 🔥 ‎Is she washing face in cow urine New Trending 🕒 Age: 3m | Security: 🚨 🔗 X•CHA...
🔗 Found CA: apy22hGqpsv9vvUdKxeinrAUN236WgV7JNU5rajpump

📨 [335876]: 📈 ‎ORE is up 51% 📈
from ⚡️ Entry Signal

$62.3K —> $94.5K 💵

💸💸
[EXTRACTED_URLS]:
https://www.geckot...
✅ Sent: 📈 ‎ORE is up 51% 📈 from ⚡️ Entry Signal  $62.3K —> $94.5K 💵  💸💸 [EXTRACTED_URLS]...
🔗 Found CA: apy22hGqpsv9vvUdKxeinrAUN236WgV7JNU5rajpump

📨 [335877]: 📈 ‎ORE is up 2X 📈
from ⚡️ Entry Signal

$62.3K —> $125K 💵

💸💸💸💸
[EXTRACTED_URLS]:
https://www.geckot...
✅ Sent: 📈 ‎ORE is up 2X 📈 from ⚡️ Entry Signal  $62.3K —> $125K 💵  💸💸💸💸 [EXTRACTED_URLS]...

📨 [335878]: 🏆 Top Early Trending 💸

🥇 ‎Flying Ketamine Horse | $‎FKH • ‎201X [X]

🥈 ‎learing | $‎LEARING • ‎61X ...
🔗 Found CA: apy22hGqpsv9vvUdKxeinrAUN236WgV7JNU5rajpump

📨 [335879]: 📈 ‎ORE is up 3X 📈
from ⚡️ Entry Signal

$62.3K —> $188K 💵

💸💸💸💸💸💸
[EXTRACTED_URLS]:
https://www.geck...
✅ Sent: 📈 ‎ORE is up 3X 📈 from ⚡️ Entry Signal  $62.3K —> $188K 💵  💸💸💸💸💸💸 [EXTRACTED_URL...
✅ Sent: 🏆 Top Early Trending 💸  🥇 ‎Flying Ketamine Horse | $‎FKH • ‎201X [X]  🥈 ‎learing...
🔗 Found CA: 6uBcfg5xWzuT5J9SaUbBp2dHNKg7WjwW8XoE7xNppump

📨 [335880]: 📈 ‎MACHI is up 2X 📈
from ⚡️ Entry Signal

$51.4K —> $104K 💵

💸💸💸💸
[EXTRACTED_URLS]:
https://www.geck...
✅ Sent: 📈 ‎MACHI is up 2X 📈 from ⚡️ Entry Signal  $51.4K —> $104K 💵  💸💸💸💸 [EXTRACTED_URL...
🔗 Found CA: HRzRvqTnKPDwNTyRsuFc4T5vm4wLAfCmi2KoXqApump

📨 [335881]: 🔥 ‎Brave And Cares New Trending
🕒 Age: 6m | Security: 🚨
🔗 X•CHART

💰 MC: $222,008 • 🔝 $342K
💧 Liq: $...
✅ Sent: 🔥 ‎Brave And Cares New Trending 🕒 Age: 6m | Security: 🚨 🔗 X•CHART  💰 MC: $222,00...
🔗 Found CA: 9zWvUT4k1Rvf3AXrBjJuZicN4UJonvTQdZFi53aqpump

📨 [335882]: 🔥 ‎Ihlan Omer New Trending
🕒 Age: 8m | Security: 🚨
🔗 X•CHART

💰 MC: $52,953 • 🔝 $67.2K
💧 Liq: $21.5K...
✅ Sent: 🔥 ‎Ihlan Omer New Trending 🕒 Age: 8m | Security: 🚨 🔗 X•CHART  💰 MC: $52,953 • 🔝 ...
🔗 Found CA: HRzRvqTnKPDwNTyRsuFc4T5vm4wLAfCmi2KoXqApump

📨 [335883]: 📈 ‎BAC is up 51% 📈
from ⚡️ Entry Signal

$222K —> $337K 💵

💸💸
[EXTRACTED_URLS]:
https://www.geckoter...
✅ Sent: 📈 ‎BAC is up 51% 📈 from ⚡️ Entry Signal  $222K —> $337K 💵  💸💸 [EXTRACTED_URLS]: ...
🔗 Found CA: HRzRvqTnKPDwNTyRsuFc4T5vm4wLAfCmi2KoXqApump

📨 [335884]: 📈 ‎BAC is up 2X 📈
from ⚡️ Entry Signal

$222K —> $448K 💵

💸💸💸💸
[EXTRACTED_URLS]:
https://www.geckote...
✅ Sent: 📈 ‎BAC is up 2X 📈 from ⚡️ Entry Signal  $222K —> $448K 💵  💸💸💸💸 [EXTRACTED_URLS]:...
🔗 Found CA: HzpGoqhnXYWDFvGv13LincaDC5h4aLS8WqqsQjKppump

📨 [335885]: 🔥 ‎Serving Face New Trending
🕒 Age: 2m | Security: 🚨
🔗 X•WEB•CHART

💰 MC: $56,336 • 🔝 $70.3K
💧 Liq: ...
✅ Sent: 🔥 ‎Serving Face New Trending 🕒 Age: 2m | Security: 🚨 🔗 X•WEB•CHART  💰 MC: $56,33...
🔗 Found CA: HRzRvqTnKPDwNTyRsuFc4T5vm4wLAfCmi2KoXqApump

📨 [335886]: 📈 ‎BAC is up 3X 📈
from ⚡️ Entry Signal

$222K —> $673K 💵

💸💸💸💸💸💸
[EXTRACTED_URLS]:
https://www.gecko...
✅ Sent: 📈 ‎BAC is up 3X 📈 from ⚡️ Entry Signal  $222K —> $673K 💵  💸💸💸💸💸💸 [EXTRACTED_URLS...
🔗 Found CA: 6uBcfg5xWzuT5J9SaUbBp2dHNKg7WjwW8XoE7xNppump

📨 [335887]: 📈 ‎MACHI is up 3.2X 📈
from ⚡️ Entry Signal

$51.4K —> $165K 💵

💸💸💸💸💸💸
[EXTRACTED_URLS]:
https://www....
✅ Sent: 📈 ‎MACHI is up 3.2X 📈 from ⚡️ Entry Signal  $51.4K —> $165K 💵  💸💸💸💸💸💸 [EXTRACTED...
🔗 Found CA: 4xxuwsjvynx5CrudVpY8DaHjGQDFA2QkY4oQqCrwpump

📨 [335888]: 📈 ‎SPERMWHALE is up 2X 📈
from ⚡️ Entry Signal

$127K —> $254K 💵

💸💸💸💸
[EXTRACTED_URLS]:
https://www....
✅ Sent: 📈 ‎SPERMWHALE is up 2X 📈 from ⚡️ Entry Signal  $127K —> $254K 💵  💸💸💸💸 [EXTRACTED...
🔗 Found CA: EuspPHtU5MiRkfgveiRi228x34KoDX6iYehqP6Tcpump

📨 [335889]: 🔥 ‎Colors of Mind New Trending
🕒 Age: 2m | Security: ✅
🔗 X•WEB•CHART

💰 MC: $106,637 • 🔝 $163K
💧 Liq...
✅ Sent: 🔥 ‎Colors of Mind New Trending 🕒 Age: 2m | Security: ✅ 🔗 X•WEB•CHART  💰 MC: $106...
🔗 Found CA: 9zWvUT4k1Rvf3AXrBjJuZicN4UJonvTQdZFi53aqpump

📨 [335890]: 📈 ‎OMER is up 51% 📈
from ⚡️ Entry Signal

$53K —> $80.1K 💵

💸💸
[EXTRACTED_URLS]:
https://www.geckote...
✅ Sent: 📈 ‎OMER is up 51% 📈 from ⚡️ Entry Signal  $53K —> $80.1K 💵  💸💸 [EXTRACTED_URLS]:...

📨 [335891]: 🏆 Top Early Trending 💸

🥇 ‎Flying Ketamine Horse | $‎FKH • ‎201X [X]

🥈 ‎learing | $‎LEARING • ‎61X ...
🔗 Found CA: F5QMUBvNupauQScbyhc6WNcmMGRdw1bM3a6oAtxspump

📨 [335892]: 📈 ‎PBANK is up 7.5X 📈
from ⚡️ Entry Signal

$55.8K —> $418K 💵

💸💸💸💸💸💸💸💸💸💸
💸💸💸💸
[EXTRACTED_URLS]:
htt...
🔗 Found CA: 5J1FzUNTF54tCv9NAyzHvQBVEkLTwZiEJwT1Utccpump

📨 [335893]: 🔥 ‎whomer New Trending
🕒 Age: 2m | Security: 🚨
🔗 X•CHART

💰 MC: $56,034 • 🔝 $62K
💧 Liq: $22.1K
📈 Vol...
✅ Sent: 🔥 ‎whomer New Trending 🕒 Age: 2m | Security: 🚨 🔗 X•CHART  💰 MC: $56,034 • 🔝 $62K...
✅ Sent: 📈 ‎PBANK is up 7.5X 📈 from ⚡️ Entry Signal  $55.8K —> $418K 💵  💸💸💸💸💸💸💸💸💸💸 💸💸💸💸 [...
✅ Sent: 🏆 Top Early Trending 💸  🥇 ‎Flying Ketamine Horse | $‎FKH • ‎201X [X]  🥈 ‎learing...
🔗 Found CA: EuspPHtU5MiRkfgveiRi228x34KoDX6iYehqP6Tcpump

📨 [335894]: 📈 ‎AUTISM is up 58% 📈
from ⚡️ Entry Signal

$107K —> $169K 💵

💸💸
[EXTRACTED_URLS]:
https://www.gecko...
✅ Sent: 📈 ‎AUTISM is up 58% 📈 from ⚡️ Entry Signal  $107K —> $169K 💵  💸💸 [EXTRACTED_URLS...
🔗 Found CA: J4ixzSEG99FWNoHRYfoaE3y2e7T7e7KX8NKNPy96pump

📨 [335895]: 📈 ‎LEGEND is up 5.8X 📈
from ⚡️ Entry Signal

$52.9K —> $306K 💵

💸💸💸💸💸💸💸💸💸💸
[EXTRACTED_URLS]:
https:/...
✅ Sent: 📈 ‎LEGEND is up 5.8X 📈 from ⚡️ Entry Signal  $52.9K —> $306K 💵  💸💸💸💸💸💸💸💸💸💸 [EXTR...
🔗 Found CA: F5QMUBvNupauQScbyhc6WNcmMGRdw1bM3a6oAtxspump

📨 [335896]: 📈 ‎PBANK is up 10X 📈
from ⚡️ Entry Signal

$55.8K —> $561K 💵

💸💸💸💸💸💸💸💸💸💸
💸💸💸💸💸💸💸💸💸💸
[EXTRACTED_URLS]...
✅ Sent: 📈 ‎PBANK is up 10X 📈 from ⚡️ Entry Signal  $55.8K —> $561K 💵  💸💸💸💸💸💸💸💸💸💸 💸💸💸💸💸💸💸...
🔗 Found CA: 4w3W2CLQjsiumZXgtadzLhfXNS74wSPvrARmP2wrpump

📨 [335897]: 🔥 ‎X402City New Trending
🕒 Age: 2m | Security: 🚨
🔗 X•TG•WEB•CHART

💰 MC: $51,147 • 🔝 $62K
💧 Liq: $21...
✅ Sent: 🔥 ‎X402City New Trending 🕒 Age: 2m | Security: 🚨 🔗 X•TG•WEB•CHART  💰 MC: $51,147...

📨 [335898]: 💰 24h Premium Stats 💰

⚡️ Entry Signals: 23
📈 +50% Win Rate: 73.9%
💰 Wins Avg Profit: 3.4X

📢 24h Xs...
✅ Sent: 💰 24h Premium Stats 💰  ⚡️ Entry Signals: 23 📈 +50% Win Rate: 73.9% 💰 Wins Avg Pr...
🔗 Found CA: 59PJrK6t4seWLzS6MDc3DbxyDCgFTbaZLDKVY2i78fKp

📨 [335899]: 🔥 ‎Justice for MIchelle New Trending
🕒 Age: 1m | Security: ✅
🔗 X•CHART

💰 MC: $61,115 • 🔝 $65.3K
💧 L...
✅ Sent: 🔥 ‎Justice for MIchelle New Trending 🕒 Age: 1m | Security: ✅ 🔗 X•CHART  💰 MC: $6...
🔗 Found CA: 281YpqPYRf3zKrqxg9uiMJ3ojCt2YijAFSM2thZZpump

📨 [335900]: 🔥 ‎ZachXBT New Trending
🕒 Age: 7m | Security: ✅
🔗 X•CHART

💰 MC: $54,218 • 🔝 $63.2K
💧 Liq: $21.7K
📈 ...
✅ Sent: 🔥 ‎ZachXBT New Trending 🕒 Age: 7m | Security: ✅ 🔗 X•CHART  💰 MC: $54,218 • 🔝 $63...
🔗 Found CA: 281YpqPYRf3zKrqxg9uiMJ3ojCt2YijAFSM2thZZpump

📨 [335901]: 📈 ‎ZACHXBT is up 55% 📈
from ⚡️ Entry Signal

$54.2K —> $84.2K 💵

💸💸
[EXTRACTED_URLS]:
https://www.ge...
✅ Sent: 📈 ‎ZACHXBT is up 55% 📈 from ⚡️ Entry Signal  $54.2K —> $84.2K 💵  💸💸 [EXTRACTED_U...
🔗 Found CA: 718GkC8TpyYD6dmwVNPHQAXE7ETP19VmwTuY3kWnAkA3

📨 [335902]: 🔥 ‎Justice for Michelle Evans New Trending
🕒 Age: 10m | Security: ✅
🔗 X•WEB•CHART

💰 MC: $49,820 • 🔝...
✅ Sent: 🔥 ‎Justice for Michelle Evans New Trending 🕒 Age: 10m | Security: ✅ 🔗 X•WEB•CHAR...

📨 [335903]: 💰 24hr Early Trending Stats 💰

⚡️ Entry Signals: 120
📈 +50% Win Rate: 55%
💰 Wins Avg Profit: 3.4X

2...
✅ Sent: 💰 24hr Early Trending Stats 💰  ⚡️ Entry Signals: 120 📈 +50% Win Rate: 55% 💰 Wins...

📨 [335905]: 🏆 Top Early Trending 💸

🥇 ‎Flying Ketamine Horse | $‎FKH • ‎201X [X]

🥈 ‎learing | $‎LEARING • ‎61X ...
🔗 Found CA: 718GkC8TpyYD6dmwVNPHQAXE7ETP19VmwTuY3kWnAkA3

📨 [335906]: 📈 ‎MICHELLE is up 51% 📈
from ⚡️ Entry Signal

$49.8K —> $75.7K 💵

💸💸
[EXTRACTED_URLS]:
https://www.g...
✅ Sent: 🏆 Top Early Trending 💸  🥇 ‎Flying Ketamine Horse | $‎FKH • ‎201X [X]  🥈 ‎learing...
✅ Sent: 📈 ‎MICHELLE is up 51% 📈 from ⚡️ Entry Signal  $49.8K —> $75.7K 💵  💸💸 [EXTRACTED_...
🔗 Found CA: PyTQvbeMJ8RF7cANzhXffAwWGkiR4aP1TnYQkBBpump

📨 [335907]: 🔥 ‎Industrial Scale Fraud New Trending
🕒 Age: 7m | Security: 🚨
🔗 X•CHART

💰 MC: $213,356 • 🔝 $272K
💧...
✅ Sent: 🔥 ‎Industrial Scale Fraud New Trending 🕒 Age: 7m | Security: 🚨 🔗 X•CHART  💰 MC: ...
🔗 Found CA: Ge8nhr8qcVc89qQci3EvaKsvBqd4ZR18wYs8gfsFbonk

📨 [335908]: 📈 ‎GROYPER is up 50% 📈
from ⚡️ Entry Signal

$78.7K —> $118K 💵

💸💸
[EXTRACTED_URLS]:
https://www.gec...
🔗 Found CA: 9wCuPQeVLGUMNqe6tcmCteVJrB2oDnsm6L594KTPpump

📨 [335909]: 📈 ‎GCR is up 73% 📈
from ⚡️ Entry Signal

$27.2K —> $47.3K 💵

💸💸
[EXTRACTED_URLS]:
https://www.geckot...
✅ Sent: 📈 ‎GCR is up 73% 📈 from ⚡️ Entry Signal  $27.2K —> $47.3K 💵  💸💸 [EXTRACTED_URLS]...
✅ Sent: 📈 ‎GROYPER is up 50% 📈 from ⚡️ Entry Signal  $78.7K —> $118K 💵  💸💸 [EXTRACTED_UR...
🔗 Found CA: 281YpqPYRf3zKrqxg9uiMJ3ojCt2YijAFSM2thZZpump

📨 [335910]: 📈 ‎ZACHXBT is up 2.1X 📈
from ⚡️ Entry Signal

$54.2K —> $114K 💵

💸💸💸💸
[EXTRACTED_URLS]:
https://www....
✅ Sent: 📈 ‎ZACHXBT is up 2.1X 📈 from ⚡️ Entry Signal  $54.2K —> $114K 💵  💸💸💸💸 [EXTRACTED...
